<?xml version="1.0" encoding="UTF-8"?>
<!-- Generated by org.testng.reporters.JUnitXMLReporter -->
<testsuite ignored="0" hostname="SAIF" failures="0" tests="3" name="Default test" time="13.716" errors="0" timestamp="06 Sep. 2022 00:39:38 GMT">
  <testcase classname="com.canada.failTest.UnitTesting" name="getFunctionalTestOne" time="1.221"/>
  <testcase classname="com.canada.failTest.UnitTesting" name="getFunctionalTestThree" time="1.0"/>
  <testcase classname="com.canada.failTest.UnitTesting" name="getFunctionalTestTwo" time="1.137"/>
</testsuite> <!-- Default test -->
