<?xml version="1.0" encoding="UTF-8"?>
<!-- Generated by org.testng.reporters.JUnitXMLReporter -->
<testsuite ignored="0" hostname="SAIF" failures="0" tests="4" name="Test" time="17.25" errors="0" timestamp="06 Sep. 2022 18:48:14 GMT">
  <testcase classname="com.canada.failTest.ParallelTesting" name="getBroweser1" time="3.739"/>
  <testcase classname="com.canada.failTest.ParallelTesting" name="getBroweser2" time="4.096"/>
  <testcase classname="com.canada.failTest.ParallelTesting" name="getBroweser3" time="5.085"/>
  <testcase classname="com.canada.failTest.ParallelTesting" name="getBroweser4" time="4.304"/>
</testsuite> <!-- Test -->
