<?xml version="1.0" encoding="UTF-8"?>
<!-- Generated by org.testng.reporters.JUnitXMLReporter -->
<testsuite ignored="4" hostname="SAIF" failures="0" tests="2" name="Test(failed)" time="0.027" errors="0" timestamp="05 Sep. 2022 13:57:18 GMT">
  <testcase classname="com.canada.failTest.ClassC" name="getTest9" time="0.008"/>
  <testcase classname="com.canada.failTest.ClassA" name="getTest2" time="0.001"/>
  <testcase classname="com.canada.failTest.ClassC" name="getTest7" time="0.0">
    <ignored/>
  </testcase> <!-- getTest7 -->
  <testcase classname="com.canada.failTest.ClassA" name="getTest1" time="0.0">
    <ignored/>
  </testcase> <!-- getTest1 -->
  <testcase classname="com.canada.failTest.ClassA" name="getTest3" time="0.0">
    <ignored/>
  </testcase> <!-- getTest3 -->
  <testcase classname="com.canada.failTest.ClassC" name="getTest8" time="0.0">
    <ignored/>
  </testcase> <!-- getTest8 -->
</testsuite> <!-- Test(failed) -->
