<?xml version="1.0" encoding="UTF-8"?>
<testng-results ignored="0" total="3" passed="3" failed="0" skipped="0">
  <reporter-output>
  </reporter-output>
  <suite started-at="2022-09-06T18:52:35Z" name="TestSuite" finished-at="2022-09-06T18:52:42Z" duration-ms="7070">
    <groups>
    </groups>
    <test started-at="2022-09-06T18:52:35Z" name="EdgeTest" finished-at="2022-09-06T18:52:41Z" duration-ms="6265">
      <class name="com.canada.failTest.CrossBrowserTest">
        <test-method is-config="true" signature="setup(java.lang.String)[pri:0, instance:com.canada.failTest.CrossBrowserTest@758705fa]" started-at="2022-09-06T18:52:35Z" name="setup" finished-at="2022-09-06T18:52:38Z" duration-ms="3117" status="PASS">
          <params>
            <param index="0">
              <value>
                <![CDATA[edge]]>
              </value>
            </param>
          </params>
          <reporter-output>
          </reporter-output>
        </test-method> <!-- setup -->
        <test-method signature="testParameterWithXML()[pri:0, instance:com.canada.failTest.CrossBrowserTest@758705fa]" started-at="2022-09-06T18:52:38Z" name="testParameterWithXML" finished-at="2022-09-06T18:52:41Z" duration-ms="3046" status="PASS">
          <reporter-output>
          </reporter-output>
        </test-method> <!-- testParameterWithXML -->
        <test-method is-config="true" signature="TearDown()[pri:0, instance:com.canada.failTest.CrossBrowserTest@758705fa]" started-at="2022-09-06T18:52:41Z" name="TearDown" finished-at="2022-09-06T18:52:41Z" duration-ms="92" status="PASS">
          <reporter-output>
          </reporter-output>
        </test-method> <!-- TearDown -->
      </class> <!-- com.canada.failTest.CrossBrowserTest -->
    </test> <!-- EdgeTest -->
    <test started-at="2022-09-06T18:52:35Z" name="ChromeTest" finished-at="2022-09-06T18:52:41Z" duration-ms="6267">
      <class name="com.canada.failTest.CrossBrowserTest">
        <test-method is-config="true" signature="setup(java.lang.String)[pri:0, instance:com.canada.failTest.CrossBrowserTest@6ee660fb]" started-at="2022-09-06T18:52:35Z" name="setup" finished-at="2022-09-06T18:52:36Z" duration-ms="1293" status="PASS">
          <params>
            <param index="0">
              <value>
                <![CDATA[Chrome]]>
              </value>
            </param>
          </params>
          <reporter-output>
          </reporter-output>
        </test-method> <!-- setup -->
        <test-method signature="testParameterWithXML()[pri:0, instance:com.canada.failTest.CrossBrowserTest@6ee660fb]" started-at="2022-09-06T18:52:36Z" name="testParameterWithXML" finished-at="2022-09-06T18:52:41Z" duration-ms="4861" status="PASS">
          <reporter-output>
          </reporter-output>
        </test-method> <!-- testParameterWithXML -->
        <test-method is-config="true" signature="TearDown()[pri:0, instance:com.canada.failTest.CrossBrowserTest@6ee660fb]" started-at="2022-09-06T18:52:41Z" name="TearDown" finished-at="2022-09-06T18:52:41Z" duration-ms="94" status="PASS">
          <reporter-output>
          </reporter-output>
        </test-method> <!-- TearDown -->
      </class> <!-- com.canada.failTest.CrossBrowserTest -->
    </test> <!-- ChromeTest -->
    <test started-at="2022-09-06T18:52:35Z" name="OperaTest" finished-at="2022-09-06T18:52:42Z" duration-ms="7070">
      <class name="com.canada.failTest.CrossBrowserTest">
        <test-method is-config="true" signature="setup(java.lang.String)[pri:0, instance:com.canada.failTest.CrossBrowserTest@22ffa91a]" started-at="2022-09-06T18:52:35Z" name="setup" finished-at="2022-09-06T18:52:37Z" duration-ms="1836" status="PASS">
          <params>
            <param index="0">
              <value>
                <![CDATA[opera]]>
              </value>
            </param>
          </params>
          <reporter-output>
          </reporter-output>
        </test-method> <!-- setup -->
        <test-method signature="testParameterWithXML()[pri:0, instance:com.canada.failTest.CrossBrowserTest@22ffa91a]" started-at="2022-09-06T18:52:37Z" name="testParameterWithXML" finished-at="2022-09-06T18:52:42Z" duration-ms="5189" status="PASS">
          <reporter-output>
          </reporter-output>
        </test-method> <!-- testParameterWithXML -->
        <test-method is-config="true" signature="TearDown()[pri:0, instance:com.canada.failTest.CrossBrowserTest@22ffa91a]" started-at="2022-09-06T18:52:42Z" name="TearDown" finished-at="2022-09-06T18:52:42Z" duration-ms="41" status="PASS">
          <reporter-output>
          </reporter-output>
        </test-method> <!-- TearDown -->
      </class> <!-- com.canada.failTest.CrossBrowserTest -->
    </test> <!-- OperaTest -->
  </suite> <!-- TestSuite -->
</testng-results>
